2026-03-03 11:56:10,335 - pcm_run:PCM_bagel_2025 - INFO - run_dir=/home/slava/КВАНТЭЛ/GIT/PCM_pix/outputs/PCM_bagel_2025
2026-03-03 11:56:10,339 - pcm_run:PCM_bagel_2025 - INFO - Notebook started
2026-03-03 12:44:52,274 - pyswarms.single.global_best - INFO - Optimize for 200 iters with {'c1': 0.5, 'c2': 0.3, 'w': 0.9}
2026-03-03 12:45:24,486 - pyswarms.single.global_best - INFO - Optimization finished | best cost: 4.907229274330172, best pos: [6.54377428e+02 6.60139417e+02 6.22491246e+02 5.24317104e+02
 8.80049400e+02 7.22272724e+02 7.18453902e+02 8.27961192e+02
 6.45415173e+02 8.56421720e+02 9.31346969e+02 5.02940121e+02
 6.08507727e+02 5.65337492e+02 4.22157584e+02 7.65452229e+02
 5.95636238e+02 4.44957778e+02 6.37918951e+02 3.02432384e+02
 3.36074180e+02 3.40034363e+02 1.24327566e+02 3.06127621e+02
 2.21832929e+02 5.59975791e+01 3.76063543e+02 3.24610199e+02
 2.35918639e+02 5.31040382e+02 1.79166129e+02 2.35306115e+02
 2.35261853e+02 5.07278623e+00 3.19309349e+00 9.24656932e-01
 9.29438081e-01]
2026-03-03 13:11:56,649 - pyswarms.single.global_best - INFO - Optimize for 50 iters with {'c1': 0.5, 'c2': 0.3, 'w': 0.9}
2026-03-03 13:11:57,418 - pyswarms.single.global_best - INFO - Optimization finished | best cost: 48.87621193523405, best pos: [6.06753277e+02 8.98789463e+02 5.86072274e+02 8.81501693e+02
 9.14618707e+02 7.89996774e+02 8.40014381e+02 6.62136017e+02
 9.22820151e+02 5.21202210e+02 6.31251141e+02 3.78295295e+02
 8.03021717e+02 5.10493536e+02 7.13951660e+02 7.71409391e+02
 7.35801825e+02 5.62575884e+02 5.92695031e+02 3.34972620e+02
 3.39746749e+02 5.24938956e+02 2.91546261e+02 6.92343608e+02
 2.82908030e+02 5.99935882e+02 4.02329832e+02 6.40720202e+02
 2.40212107e+02 4.95251121e+02 1.29761004e+02 1.66255799e+02
 3.80460003e+02 4.20081115e+00 3.44492091e+00 9.70883870e-01
 9.19338469e-01]
